<?xml version="1.0" encoding="utf-8"?><testsuites><testsuite name="pytest" errors="0" failures="0" skipped="0" tests="16" time="0.279" timestamp="2025-04-24T15:50:16.785128-05:00" hostname="H95HY9NCCP"><testcase classname="tests.test_credentialmanager.test_credentialmanager.TestCredentialManager" name="test_init" time="0.001" /><testcase classname="tests.test_credentialmanager.test_credentialmanager.TestCredentialManager" name="test_get_credential_existing" time="0.003" /><testcase classname="tests.test_credentialmanager.test_credentialmanager.TestCredentialManager" name="test_get_credential_prompt" time="0.001" /><testcase classname="tests.test_credentialmanager.test_credentialmanager.TestCredentialManager" name="test_get_credential_not_found_no_prompt" time="0.001" /><testcase classname="tests.test_credentialmanager.test_credentialmanager.TestCredentialManager" name="test_set_credential_success" time="0.001" /><testcase classname="tests.test_credentialmanager.test_credentialmanager.TestCredentialManager" name="test_set_credential_failure" time="0.001" /><testcase classname="tests.test_credentialmanager.test_credentialmanager.TestCredentialManager" name="test_delete_credential_success" time="0.001" /><testcase classname="tests.test_credentialmanager.test_credentialmanager.TestCredentialManager" name="test_delete_credential_failure" time="0.001" /><testcase classname="tests.test_model.test_model.TestModel" name="test_model_creation" time="0.001" /><testcase classname="tests.test_model.test_model.TestModel" name="test_model_attribute_update" time="0.000" /><testcase classname="tests.test_model.test_model.TestModel" name="test_model_dict_methods" time="0.000" /><testcase classname="tests.test_model.test_model.TestModel" name="test_model_to_dict" time="0.000" /><testcase classname="tests.test_model.test_model.TestModel" name="test_nested_model" time="0.000" /><testcase classname="tests.test_output.test_output.TestOutput" name="test_json_output" time="0.001" /><testcase classname="tests.test_output.test_output.TestOutput" name="test_table_output" time="0.002" /><testcase classname="tests.test_output.test_output.TestOutput" name="test_external_call" time="0.000" /></testsuite></testsuites>